1535563825248	geckodriver	INFO	geckodriver 0.21.0
1535563825274	geckodriver	INFO	Listening on 127.0.0.1:42225
1535563826263	mozrunner::runner	INFO	Running command: "/usr/bin/firefox" "-marionette" "--incognito" "-foreground" "-no-remote" "-profile" "/tmp/rust_mozprofile.f1n2pE8yskrt"
1535563828891	Marionette	INFO	Listening on port 35639
1535563828987	Marionette	WARN	TLS certificate errors will be ignored for this session
1535563829181	addons.xpi	WARN	Exception running bootstrap method shutdown on activity-stream@mozilla.org: [Exception... "Component returned failure code: 0x80004005 (NS_ERROR_FAILURE) [nsIObserverService.removeObserver]"  nsresult: "0x80004005 (NS_ERROR_FAILURE)"  location: "JS frame :: resource://activity-stream/lib/TelemetryFeed.jsm :: uninit :: line 493"  data: no] Stack trace: uninit()@resource://activity-stream/lib/TelemetryFeed.jsm:493
onAction()@resource://activity-stream/lib/TelemetryFeed.jsm:451
_middleware/</<()@resource://activity-stream/lib/Store.jsm:51
Store/this[method]()@resource://activity-stream/lib/Store.jsm:29
uninit()@resource://activity-stream/lib/Store.jsm:170
uninit()@resource://activity-stream/lib/ActivityStream.jsm:318
uninit()@resource://gre/modules/addons/XPIProvider.jsm -> jar:file:///usr/lib/firefox/browser/features/activity-stream@mozilla.org.xpi!/bootstrap.js:79
shutdown()@resource://gre/modules/addons/XPIProvider.jsm -> jar:file:///usr/lib/firefox/browser/features/activity-stream@mozilla.org.xpi!/bootstrap.js:187
callBootstrapMethod()@resource://gre/modules/addons/XPIProvider.jsm:2757
observe()@resource://gre/modules/addons/XPIProvider.jsm:1672
GeckoDriver.prototype.quit()@driver.js:3282
despatch()@server.js:294
execute()@server.js:268
onPacket/<()@server.js:243
onPacket()@server.js:242
_onJSONObjectReady/<()@transport.js:500
*** UTM:SVC TimerManager:registerTimer called after profile-before-change notification. Ignoring timer registration for id: telemetry_modules_ping
1535564042045	geckodriver	INFO	geckodriver 0.21.0
1535564042049	geckodriver	INFO	Listening on 127.0.0.1:35851
1535564042060	mozrunner::runner	INFO	Running command: "/usr/bin/firefox" "-marionette" "--incognito" "-foreground" "-no-remote" "-profile" "/tmp/rust_mozprofile.VHQnBRGN7pVi"
1535564044718	Marionette	INFO	Listening on port 40313
1535564044788	Marionette	WARN	TLS certificate errors will be ignored for this session
[Parent 4221, Gecko_IOThread] WARNING: pipe error (104): Conexão fechada pela outra ponta: file /build/firefox-rIABNe/firefox-61.0.1+linuxmint1+sylvia/ipc/chromium/src/chrome/common/ipc_channel_posix.cc, line 353
*** UTM:SVC TimerManager:registerTimer called after profile-before-change notification. Ignoring timer registration for id: telemetry_modules_ping
1535564155589	geckodriver	INFO	geckodriver 0.21.0
1535564155595	geckodriver	INFO	Listening on 127.0.0.1:36963
1535564156596	mozrunner::runner	INFO	Running command: "/usr/bin/firefox" "-marionette" "--incognito" "-foreground" "-no-remote" "-profile" "/tmp/rust_mozprofile.o7AZpBIds4WZ"
1535564158619	Marionette	INFO	Listening on port 34181
1535564158782	Marionette	WARN	TLS certificate errors will be ignored for this session
[Parent 5402, Gecko_IOThread] WARNING: pipe error (100): Conexão fechada pela outra ponta: file /build/firefox-rIABNe/firefox-61.0.1+linuxmint1+sylvia/ipc/chromium/src/chrome/common/ipc_channel_posix.cc, line 353
*** UTM:SVC TimerManager:registerTimer called after profile-before-change notification. Ignoring timer registration for id: telemetry_modules_ping
1535564217858	geckodriver	INFO	geckodriver 0.21.0
1535564217869	geckodriver	INFO	Listening on 127.0.0.1:42357
1535564218867	mozrunner::runner	INFO	Running command: "/usr/bin/firefox" "-marionette" "--incognito" "-foreground" "-no-remote" "-profile" "/tmp/rust_mozprofile.w6UTbRRol8Lf"
1535564221193	Marionette	INFO	Listening on port 46527
1535564221301	Marionette	WARN	TLS certificate errors will be ignored for this session
[Parent 6465, Gecko_IOThread] WARNING: pipe error (42): Conexão fechada pela outra ponta: file /build/firefox-rIABNe/firefox-61.0.1+linuxmint1+sylvia/ipc/chromium/src/chrome/common/ipc_channel_posix.cc, line 353
*** UTM:SVC TimerManager:registerTimer called after profile-before-change notification. Ignoring timer registration for id: telemetry_modules_ping
1535564270910	geckodriver	INFO	geckodriver 0.21.0
1535564270918	geckodriver	INFO	Listening on 127.0.0.1:53059
1535564271920	mozrunner::runner	INFO	Running command: "/usr/bin/firefox" "-marionette" "--incognito" "-foreground" "-no-remote" "-profile" "/tmp/rust_mozprofile.LZfBvDDNUnxT"
1535564273823	Marionette	INFO	Listening on port 40207
1535564273845	Marionette	WARN	TLS certificate errors will be ignored for this session
[Parent 7189, Gecko_IOThread] WARNING: pipe error (101): Conexão fechada pela outra ponta: file /build/firefox-rIABNe/firefox-61.0.1+linuxmint1+sylvia/ipc/chromium/src/chrome/common/ipc_channel_posix.cc, line 353
*** UTM:SVC TimerManager:registerTimer called after profile-before-change notification. Ignoring timer registration for id: telemetry_modules_ping
1535564761153	geckodriver	INFO	geckodriver 0.21.0
1535564761159	geckodriver	INFO	Listening on 127.0.0.1:55607
1535564762161	mozrunner::runner	INFO	Running command: "/usr/bin/firefox" "-marionette" "--incognito" "-foreground" "-no-remote" "-profile" "/tmp/rust_mozprofile.GD9jxhNNLgBy"
1535564764224	Marionette	INFO	Listening on port 44721
1535564764283	Marionette	WARN	TLS certificate errors will be ignored for this session
[Parent 10765, Gecko_IOThread] WARNING: pipe error (101): Conexão fechada pela outra ponta: file /build/firefox-rIABNe/firefox-61.0.1+linuxmint1+sylvia/ipc/chromium/src/chrome/common/ipc_channel_posix.cc, line 353
*** UTM:SVC TimerManager:registerTimer called after profile-before-change notification. Ignoring timer registration for id: telemetry_modules_ping
1535564925296	geckodriver	INFO	geckodriver 0.21.0
1535564925316	geckodriver	INFO	Listening on 127.0.0.1:45465
1535564926305	mozrunner::runner	INFO	Running command: "/usr/bin/firefox" "-marionette" "--incognito" "-foreground" "-no-remote" "-profile" "/tmp/rust_mozprofile.KebkfrnEIIhZ"
1535564928991	Marionette	INFO	Listening on port 33533
1535564929046	Marionette	WARN	TLS certificate errors will be ignored for this session
*** UTM:SVC TimerManager:registerTimer called after profile-before-change notification. Ignoring timer registration for id: telemetry_modules_ping
1535565021755	geckodriver	INFO	geckodriver 0.21.0
1535565021761	geckodriver	INFO	Listening on 127.0.0.1:52147
1535565022766	mozrunner::runner	INFO	Running command: "/usr/bin/firefox" "-marionette" "--incognito" "-foreground" "-no-remote" "-profile" "/tmp/rust_mozprofile.FVTNppKTzMci"
1535565024872	Marionette	INFO	Listening on port 35403
1535565024882	Marionette	WARN	TLS certificate errors will be ignored for this session
[Parent 16189, Gecko_IOThread] WARNING: pipe error (103): Conexão fechada pela outra ponta: file /build/firefox-rIABNe/firefox-61.0.1+linuxmint1+sylvia/ipc/chromium/src/chrome/common/ipc_channel_posix.cc, line 353
*** UTM:SVC TimerManager:registerTimer called after profile-before-change notification. Ignoring timer registration for id: telemetry_modules_ping
1535565084969	geckodriver	INFO	geckodriver 0.21.0
1535565084977	geckodriver	INFO	Listening on 127.0.0.1:46059
1535565085976	mozrunner::runner	INFO	Running command: "/usr/bin/firefox" "-marionette" "--incognito" "-foreground" "-no-remote" "-profile" "/tmp/rust_mozprofile.iIcaahgmjm8R"
1535565088677	Marionette	INFO	Listening on port 44097
1535565088695	Marionette	WARN	TLS certificate errors will be ignored for this session
*** UTM:SVC TimerManager:registerTimer called after profile-before-change notification. Ignoring timer registration for id: telemetry_modules_ping
1535565144234	geckodriver	INFO	geckodriver 0.21.0
1535565144241	geckodriver	INFO	Listening on 127.0.0.1:37341
1535565145242	mozrunner::runner	INFO	Running command: "/usr/bin/firefox" "-marionette" "--incognito" "-foreground" "-no-remote" "-profile" "/tmp/rust_mozprofile.tRQqf8ad9msx"
1535565147305	Marionette	INFO	Listening on port 34979
1535565147356	Marionette	WARN	TLS certificate errors will be ignored for this session
[Parent 19185, Gecko_IOThread] WARNING: pipe error (51): Conexão fechada pela outra ponta: file /build/firefox-rIABNe/firefox-61.0.1+linuxmint1+sylvia/ipc/chromium/src/chrome/common/ipc_channel_posix.cc, line 353
*** UTM:SVC TimerManager:registerTimer called after profile-before-change notification. Ignoring timer registration for id: telemetry_modules_ping
1535565282932	geckodriver	INFO	geckodriver 0.21.0
1535565282938	geckodriver	INFO	Listening on 127.0.0.1:56677
1535565283942	mozrunner::runner	INFO	Running command: "/usr/bin/firefox" "-marionette" "--incognito" "-foreground" "-no-remote" "-profile" "/tmp/rust_mozprofile.LvL1Rzt93czK"
1535565285967	Marionette	INFO	Listening on port 34941
1535565286071	Marionette	WARN	TLS certificate errors will be ignored for this session
[Parent 21821, Gecko_IOThread] WARNING: pipe error (81): Conexão fechada pela outra ponta: file /build/firefox-rIABNe/firefox-61.0.1+linuxmint1+sylvia/ipc/chromium/src/chrome/common/ipc_channel_posix.cc, line 353
*** UTM:SVC TimerManager:registerTimer called after profile-before-change notification. Ignoring timer registration for id: telemetry_modules_ping
1535565371245	geckodriver	INFO	geckodriver 0.21.0
1535565371251	geckodriver	INFO	Listening on 127.0.0.1:37175
1535565372255	mozrunner::runner	INFO	Running command: "/usr/bin/firefox" "-marionette" "--incognito" "-foreground" "-no-remote" "-profile" "/tmp/rust_mozprofile.LLZEVbTu6yR7"
1535565374521	Marionette	INFO	Listening on port 44153
1535565374579	Marionette	WARN	TLS certificate errors will be ignored for this session
*** UTM:SVC TimerManager:registerTimer called after profile-before-change notification. Ignoring timer registration for id: telemetry_modules_ping
1535565635556	geckodriver	INFO	geckodriver 0.21.0
1535565635563	geckodriver	INFO	Listening on 127.0.0.1:35411
1535565636568	mozrunner::runner	INFO	Running command: "/usr/bin/firefox" "-marionette" "--incognito" "-foreground" "-no-remote" "-profile" "/tmp/rust_mozprofile.IGpfQxFPPXIt"
1535565638458	Marionette	INFO	Listening on port 41465
1535565638487	Marionette	WARN	TLS certificate errors will be ignored for this session
*** UTM:SVC TimerManager:registerTimer called after profile-before-change notification. Ignoring timer registration for id: telemetry_modules_ping
1535565699153	geckodriver	INFO	geckodriver 0.21.0
1535565699159	geckodriver	INFO	Listening on 127.0.0.1:45495
1535565700159	mozrunner::runner	INFO	Running command: "/usr/bin/firefox" "-marionette" "--incognito" "-foreground" "-no-remote" "-profile" "/tmp/rust_mozprofile.3lpM8CfGrS17"
1535565702115	Marionette	INFO	Listening on port 35421
1535565702177	Marionette	WARN	TLS certificate errors will be ignored for this session
[Parent 26445, Gecko_IOThread] WARNING: pipe error (101): Conexão fechada pela outra ponta: file /build/firefox-rIABNe/firefox-61.0.1+linuxmint1+sylvia/ipc/chromium/src/chrome/common/ipc_channel_posix.cc, line 353
*** UTM:SVC TimerManager:registerTimer called after profile-before-change notification. Ignoring timer registration for id: telemetry_modules_ping
